Start testing: May 24 14:08 MSK
----------------------------------------------------------
1/1 Testing: Print.InFileStream
1/1 Test: Print.InFileStream
Command: "/home/ubuntu/Dr0-ozdik777/workspace/projects/lab07/_builds/check" "--gtest_filter=Print.InFileStream" "--gtest_also_run_disabled_tests"
Directory: /home/ubuntu/Dr0-ozdik777/workspace/projects/lab07/_builds
"Print.InFileStream" start time: May 24 14:08 MSK
Output:
----------------------------------------------------------
Running main() from /home/ubuntu/Dr0-ozdik777/workspace/projects/lab07/_builds/_deps/googletest-src/googletest/src/gtest_main.cc
Note: Google Test filter = Print.InFileStream
[==========] Running 1 test from 1 test suite.
[----------] Global test environment set-up.
[----------] 1 test from Print
[ RUN      ] Print.InFileStream
[       OK ] Print.InFileStream (0 ms)
[----------] 1 test from Print (0 ms total)

[----------] Global test environment tear-down
[==========] 1 test from 1 test suite ran. (0 ms total)
[  PASSED  ] 1 test.
<end of output>
Test time =   0.00 sec
----------------------------------------------------------
Test Passed.
"Print.InFileStream" end time: May 24 14:08 MSK
"Print.InFileStream" time elapsed: 00:00:00
----------------------------------------------------------

End testing: May 24 14:08 MSK
